<?xml version="1.0" encoding="UTF-8"?>
<testsuite name="lab.integrationdemo.GradeCollectorTestDriver" tests="3" skipped="0" failures="0" errors="0" timestamp="2022-12-20T05:37:54" hostname="MPB-2019" time="0.006">
  <properties/>
  <testcase name="test()" classname="lab.integrationdemo.GradeCollectorTestDriver" time="0.003"/>
  <testcase name="test2()" classname="lab.integrationdemo.GradeCollectorTestDriver" time="0.002"/>
  <testcase name="test3()" classname="lab.integrationdemo.GradeCollectorTestDriver" time="0.001"/>
  <system-out><![CDATA[]]></system-out>
  <system-err><![CDATA[]]></system-err>
</testsuite>
