<?xml version="1.0" encoding="UTF-8"?>
<testsuite name="lab.PersonTest" tests="1" skipped="0" failures="0" errors="0" timestamp="2022-11-17T11:39:33" hostname="MPB-2019" time="0.002">
  <properties/>
  <testcase name="test_person()" classname="lab.PersonTest" time="0.002"/>
  <system-out><![CDATA[]]></system-out>
  <system-err><![CDATA[]]></system-err>
</testsuite>
