<?xml version="1.0" encoding="UTF-8"?>
<testsuite name="exam.StockTest" tests="2" skipped="0" failures="0" errors="0" timestamp="2022-11-12T07:01:32" hostname="MPB-2019" time="0.002">
  <properties/>
  <testcase name="testStock()" classname="exam.StockTest" time="0.0"/>
  <testcase name="testStockException()" classname="exam.StockTest" time="0.002"/>
  <system-out><![CDATA[]]></system-out>
  <system-err><![CDATA[]]></system-err>
</testsuite>
