<?xml version="1.0" encoding="UTF-8"?>
<testsuite name="lab.PersonTest" tests="1" skipped="0" failures="0" errors="0" timestamp="2022-12-20T07:09:39" hostname="nlhde-iMac.local" time="0.004">
  <properties/>
  <testcase name="test_person()" classname="lab.PersonTest" time="0.004"/>
  <system-out><![CDATA[]]></system-out>
  <system-err><![CDATA[]]></system-err>
</testsuite>
