<?xml version="1.0" encoding="UTF-8"?>
<testsuite name="stock.AppTest" tests="1" skipped="0" failures="0" errors="0" timestamp="2022-12-20T05:37:54" hostname="MPB-2019" time="0.001">
  <properties/>
  <testcase name="appHasAGreeting()" classname="stock.AppTest" time="0.001"/>
  <system-out><![CDATA[]]></system-out>
  <system-err><![CDATA[]]></system-err>
</testsuite>
