<?xml version="1.0" encoding="UTF-8"?>
<testsuite name="lab.PlusTest" tests="1" skipped="0" failures="0" errors="0" timestamp="2022-10-25T15:25:21" hostname="MPB-2019" time="0.001">
  <properties/>
  <testcase name="testOld()" classname="lab.PlusTest" time="0.001"/>
  <system-out><![CDATA[]]></system-out>
  <system-err><![CDATA[]]></system-err>
</testsuite>
