<?xml version="1.0" encoding="UTF-8"?>
<testsuite name="exam.MovieTest" tests="20" skipped="0" failures="0" errors="0" timestamp="2022-11-12T06:18:23" hostname="MPB-2019" time="0.024">
  <properties/>
  <testcase name="[1] 4" classname="exam.MovieTest" time="0.001"/>
  <testcase name="[2] 5" classname="exam.MovieTest" time="0.001"/>
  <testcase name="[3] 9" classname="exam.MovieTest" time="0.0"/>
  <testcase name="[4] 10" classname="exam.MovieTest" time="0.0"/>
  <testcase name="[5] 6" classname="exam.MovieTest" time="0.0"/>
  <testcase name="[1] Satursday" classname="exam.MovieTest" time="0.001"/>
  <testcase name="[2] Sunday" classname="exam.MovieTest" time="0.001"/>
  <testcase name="[1] 11" classname="exam.MovieTest" time="0.0"/>
  <testcase name="[2] 12" classname="exam.MovieTest" time="0.0"/>
  <testcase name="[3] 14" classname="exam.MovieTest" time="0.0"/>
  <testcase name="[4] 23" classname="exam.MovieTest" time="0.0"/>
  <testcase name="[1] 11" classname="exam.MovieTest" time="0.001"/>
  <testcase name="[2] 19" classname="exam.MovieTest" time="0.001"/>
  <testcase name="[3] 40" classname="exam.MovieTest" time="0.001"/>
  <testcase name="[4] 50" classname="exam.MovieTest" time="0.001"/>
  <testcase name="[1] 12" classname="exam.MovieTest" time="0.001"/>
  <testcase name="[2] 13" classname="exam.MovieTest" time="0.001"/>
  <testcase name="[3] 15" classname="exam.MovieTest" time="0.001"/>
  <testcase name="[4] 17" classname="exam.MovieTest" time="0.001"/>
  <testcase name="[5] 18" classname="exam.MovieTest" time="0.001"/>
  <system-out><![CDATA[]]></system-out>
  <system-err><![CDATA[]]></system-err>
</testsuite>
