<?xml version="1.0" encoding="UTF-8"?>
<testsuite name="lab.MyDateTest" tests="41" skipped="0" failures="0" errors="0" timestamp="2022-11-05T03:06:34" hostname="MPB-2019" time="0.077">
  <properties/>
  <testcase name="[1] 1900, 1, 20, 19" classname="lab.MyDateTest" time="0.002"/>
  <testcase name="[2] 1900, 2, 20, 50" classname="lab.MyDateTest" time="0.003"/>
  <testcase name="[3] 1900, 3, 20, 78" classname="lab.MyDateTest" time="0.001"/>
  <testcase name="[4] 1900, 4, 20, 109" classname="lab.MyDateTest" time="0.001"/>
  <testcase name="[5] 1900, 5, 20, 139" classname="lab.MyDateTest" time="0.001"/>
  <testcase name="[6] 1900, 6, 20, 170" classname="lab.MyDateTest" time="0.001"/>
  <testcase name="[7] 1900, 7, 20, 200" classname="lab.MyDateTest" time="0.001"/>
  <testcase name="[8] 1900, 8, 20, 231" classname="lab.MyDateTest" time="0.001"/>
  <testcase name="[9] 1900, 9, 20, 262" classname="lab.MyDateTest" time="0.001"/>
  <testcase name="[10] 1900, 10, 20, 292" classname="lab.MyDateTest" time="0.001"/>
  <testcase name="[11] 1900, 11, 20, 323" classname="lab.MyDateTest" time="0.001"/>
  <testcase name="[12] 1900, 12, 20, 353" classname="lab.MyDateTest" time="0.0"/>
  <testcase name="[1] 1900, 1, 20, 19" classname="lab.MyDateTest" time="0.001"/>
  <testcase name="[2] 1900, 2, 20, 50" classname="lab.MyDateTest" time="0.001"/>
  <testcase name="[3] 1900, 3, 20, 78" classname="lab.MyDateTest" time="0.0"/>
  <testcase name="[4] 1900, 4, 20, 109" classname="lab.MyDateTest" time="0.001"/>
  <testcase name="[5] 1900, 5, 20, 139" classname="lab.MyDateTest" time="0.001"/>
  <testcase name="[6] 1900, 6, 20, 170" classname="lab.MyDateTest" time="0.001"/>
  <testcase name="[7] 1900, 7, 20, 200" classname="lab.MyDateTest" time="0.0"/>
  <testcase name="[8] 1900, 8, 20, 231" classname="lab.MyDateTest" time="0.001"/>
  <testcase name="[9] 1900, 9, 20, 262" classname="lab.MyDateTest" time="0.001"/>
  <testcase name="[10] 1900, 10, 20, 292" classname="lab.MyDateTest" time="0.001"/>
  <testcase name="[11] 1900, 11, 20, 323" classname="lab.MyDateTest" time="0.001"/>
  <testcase name="[12] 1900, 12, 20, 353" classname="lab.MyDateTest" time="0.0"/>
  <testcase name="testToString()" classname="lab.MyDateTest" time="0.005"/>
  <testcase name="[1] 1901, 1, 1, 1901, 1, 2" classname="lab.MyDateTest" time="0.002"/>
  <testcase name="[2] 1901, 2, 28, 1901, 3, 1" classname="lab.MyDateTest" time="0.0"/>
  <testcase name="[3] 2000, 2, 28, 2000, 2, 29" classname="lab.MyDateTest" time="0.001"/>
  <testcase name="[4] 2000, 12, 31, 2001, 1, 1" classname="lab.MyDateTest" time="0.0"/>
  <testcase name="[5] 2000, 6, 30, 2000, 7, 1" classname="lab.MyDateTest" time="0.001"/>
  <testcase name="[6] 2000, 7, 30, 2000, 7, 31" classname="lab.MyDateTest" time="0.0"/>
  <testcase name="[1] 1901, 1, 1" classname="lab.MyDateTest" time="0.001"/>
  <testcase name="[2] 1901, 2, 1" classname="lab.MyDateTest" time="0.0"/>
  <testcase name="[3] 1901, 3, 1" classname="lab.MyDateTest" time="0.001"/>
  <testcase name="[4] 1901, 3, 20" classname="lab.MyDateTest" time="0.0"/>
  <testcase name="[5] 1902, 1, 1" classname="lab.MyDateTest" time="0.001"/>
  <testcase name="[6] 1903, 1, 1" classname="lab.MyDateTest" time="0.001"/>
  <testcase name="[7] 1904, 1, 1" classname="lab.MyDateTest" time="0.001"/>
  <testcase name="[8] 1905, 10, 1" classname="lab.MyDateTest" time="0.001"/>
  <testcase name="[9] 2000, 1, 1" classname="lab.MyDateTest" time="0.001"/>
  <testcase name="testJavaAPI()" classname="lab.MyDateTest" time="0.0"/>
  <system-out><![CDATA[1901-1-1-solar-true-end of month-false
1901-2-28-solar-false-end of month-true
2000-2-28-solar-false-end of month-false
2000-12-31-solar-true-end of month-true
2000-6-30-solar-false-end of month-true
2000-7-30-solar-true-end of month-false
365
]]></system-out>
  <system-err><![CDATA[]]></system-err>
</testsuite>
