<?xml version="1.0" encoding="UTF-8"?>
<testsuite name="lab.integrationdemo.GradeCollectorTestDriver" tests="3" skipped="0" failures="0" errors="0" timestamp="2022-12-20T07:09:39" hostname="nlhde-iMac.local" time="0.016">
  <properties/>
  <testcase name="test()" classname="lab.integrationdemo.GradeCollectorTestDriver" time="0.004"/>
  <testcase name="test2()" classname="lab.integrationdemo.GradeCollectorTestDriver" time="0.009"/>
  <testcase name="test3()" classname="lab.integrationdemo.GradeCollectorTestDriver" time="0.001"/>
  <system-out><![CDATA[]]></system-out>
  <system-err><![CDATA[]]></system-err>
</testsuite>
